<?xml version="1.0" encoding="UTF-8"?>
<!-- Generated by org.testng.reporters.JUnitReportReporter -->
<testsuite hostname="DESKTOP-HNQHSRT" failures="0" tests="2" name="runner.runner1" time="15.729" errors="0" timestamp="2023-08-27T12:52:45 IST" skipped="0">
  <testcase classname="runner.runner1" name="runScenario" time="9.484"/>
  <testcase classname="runner.runner1" name="runScenario" time="6.245"/>
</testsuite> <!-- runner.runner1 -->
