<?xml version="1.0" encoding="UTF-8"?>
<!-- Generated by org.testng.reporters.JUnitReportReporter -->
<testsuite hostname="DESKTOP-HNQHSRT" failures="0" tests="1" name="com.jpmc.Test2" time="13.948" errors="0" timestamp="2023-08-27T10:54:31 IST" skipped="0">
  <testcase classname="com.jpmc.Test2" name="method2" time="13.948"/>
</testsuite> <!-- com.jpmc.Test2 -->
