<?xml version="1.0" encoding="UTF-8"?>
<!-- Generated by org.testng.reporters.JUnitReportReporter -->
<testsuite hostname="DESKTOP-HNQHSRT" failures="0" tests="1" name="com.jpmc.Test1" time="8.593" errors="0" timestamp="2023-08-27T10:54:31 IST" skipped="0">
  <testcase classname="com.jpmc.Test1" name="method" time="8.593"/>
</testsuite> <!-- com.jpmc.Test1 -->
